-------------------------------------------------------------------------------
Test set: org.example.RestAPI.basic.BasicJUnitTests
-------------------------------------------------------------------------------
Tests run: 2, Failures: 1, Errors: 0, Skipped: 0, Time elapsed: 3.724 s <<< FAILURE! - in org.example.RestAPI.basic.BasicJUnitTests
testSum2  Time elapsed: 0.008 s  <<< FAILURE!
org.opentest4j.AssertionFailedError: expected: <1> but was: <3>
	at org.example.RestAPI.basic.BasicJUnitTests.testSum2(BasicJUnitTests.java:21)

